<?xml version="1.0" encoding="UTF-8"?>
<!-- Generated by org.testng.reporters.JUnitReportReporter -->
<testsuite hostname="amitkambli" failures="0" tests="5" name="runner.TestRunner" time="50.723" errors="0" timestamp="2024-05-09T02:06:58 IST" skipped="0">
  <testcase classname="runner.TestRunner" name="runScenario" time="10.056"/>
  <testcase classname="runner.TestRunner" name="runScenario" time="10.207"/>
  <testcase classname="runner.TestRunner" name="runScenario" time="10.119"/>
  <testcase classname="runner.TestRunner" name="runScenario" time="10.103"/>
  <testcase classname="runner.TestRunner" name="runScenario" time="10.238"/>
</testsuite> <!-- runner.TestRunner -->
