<?xml version="1.0" encoding="UTF-8"?>
<!-- Generated by org.testng.reporters.JUnitReportReporter -->
<testsuite hostname="amitkambli" failures="0" tests="5" name="runner.TestRunner" time="56.429" errors="0" timestamp="2024-05-09T02:01:36 IST" skipped="0">
  <testcase classname="runner.TestRunner" name="runScenario" time="11.373"/>
  <testcase classname="runner.TestRunner" name="runScenario" time="11.079"/>
  <testcase classname="runner.TestRunner" name="runScenario" time="11.263"/>
  <testcase classname="runner.TestRunner" name="runScenario" time="11.341"/>
  <testcase classname="runner.TestRunner" name="runScenario" time="11.373"/>
</testsuite> <!-- runner.TestRunner -->
