<?xml version="1.0" encoding="UTF-8"?>
<!-- Generated by org.testng.reporters.JUnitReportReporter -->
<testsuite hostname="amitkambli" failures="0" tests="3" name="parallel.ParallelRun" time="35.860" errors="0" timestamp="08 May 2024 16:15:57 GMT" skipped="1">
  <testcase classname="parallel.ParallelRun" name="runScenario" time="4.923">
    <skipped/>
  </testcase> <!-- runScenario -->
  <testcase classname="parallel.ParallelRun" name="runScenario" time="23.516"/>
  <testcase classname="parallel.ParallelRun" name="runScenario" time="7.421"/>
</testsuite> <!-- parallel.ParallelRun -->
